SF:lib\datamodels\appearence.g.dart
DA:13,1
DA:15,1
DA:16,1
DA:17,5
DA:19,1
DA:20,1
DA:21,1
DA:22,1
DA:26,1
DA:29,1
DA:30,1
DA:31,2
DA:32,1
DA:33,2
DA:34,1
DA:35,2
DA:38,0
DA:39,0
DA:41,0
DA:44,0
DA:45,0
DA:46,0
DA:53,2
DA:54,2
DA:55,2
DA:56,4
DA:57,2
DA:61,1
DA:62,1
DA:63,1
DA:64,1
DA:65,1
LF:32
LH:26
end_of_record
SF:lib\datamodels\appearence.dart
DA:17,2
DA:23,4
DA:24,2
LF:3
LH:3
end_of_record
SF:lib\app\logger.dart
DA:3,9
DA:4,3
DA:11,0
DA:17,0
LF:4
LH:2
end_of_record
SF:lib\repositories\appearence_repository.dart
DA:9,1
DA:10,3
DA:11,2
DA:12,2
DA:16,1
DA:17,3
DA:18,2
DA:19,2
DA:20,2
DA:23,1
DA:24,3
DA:25,2
DA:26,2
LF:13
LH:13
end_of_record
SF:lib\datamodels\book.g.dart
DA:13,1
DA:15,1
DA:16,1
DA:17,5
DA:19,1
DA:20,1
DA:21,1
DA:22,1
DA:23,1
DA:24,1
DA:25,1
DA:26,1
DA:27,1
DA:28,1
DA:32,1
DA:35,1
DA:36,1
DA:37,2
DA:38,1
DA:39,2
DA:40,1
DA:41,2
DA:42,1
DA:43,2
DA:44,1
DA:45,2
DA:46,1
DA:47,2
DA:48,1
DA:49,2
DA:50,1
DA:51,2
DA:52,1
DA:53,2
DA:56,0
DA:57,0
DA:59,0
DA:62,0
DA:63,0
DA:64,0
DA:71,2
DA:72,2
DA:73,2
DA:74,2
DA:75,2
DA:76,2
DA:77,2
DA:78,2
DA:79,2
DA:80,2
DA:81,2
DA:85,2
DA:86,1
DA:87,1
DA:88,1
DA:89,1
DA:90,1
DA:91,1
DA:92,1
DA:93,1
DA:94,1
LF:61
LH:55
end_of_record
SF:lib\datamodels\book.dart
DA:30,2
DA:42,2
DA:43,2
DA:44,2
LF:4
LH:4
end_of_record
SF:lib\datamodels\auth.dart
DA:15,1
DA:20,2
DA:21,2
LF:3
LH:3
end_of_record
SF:lib\datamodels\auth.g.dart
DA:13,0
DA:15,0
DA:16,0
DA:17,0
DA:19,0
DA:20,0
DA:21,0
DA:25,0
DA:28,0
DA:29,0
DA:30,0
DA:31,0
DA:32,0
DA:35,0
DA:36,0
DA:38,0
DA:41,0
DA:42,0
DA:43,0
DA:50,1
DA:51,1
DA:52,1
DA:53,1
DA:57,2
DA:58,1
DA:59,1
LF:26
LH:7
end_of_record
SF:lib\datamodels\favorite_list.g.dart
DA:13,1
DA:15,1
DA:16,1
DA:17,5
DA:19,4
DA:22,1
DA:25,1
DA:26,1
DA:27,2
DA:30,0
DA:31,0
DA:33,0
DA:36,0
DA:37,0
DA:38,0
LF:15
LH:9
end_of_record
SF:lib\datamodels\favorite_list.dart
DA:11,2
DA:12,4
LF:2
LH:2
end_of_record
SF:lib\repositories\favorite_book_repository.dart
DA:9,1
DA:10,3
DA:11,2
DA:12,2
DA:16,1
DA:17,3
DA:18,2
DA:19,2
DA:20,2
DA:23,1
DA:24,3
DA:25,2
DA:26,2
LF:13
LH:13
end_of_record
SF:lib\datamodels\user.g.dart
DA:13,1
DA:15,1
DA:16,1
DA:17,5
DA:19,1
DA:20,1
DA:21,1
DA:22,1
DA:26,1
DA:29,1
DA:30,1
DA:31,2
DA:32,1
DA:33,2
DA:34,1
DA:35,2
DA:38,0
DA:39,0
DA:41,0
DA:44,0
DA:45,0
DA:46,0
DA:53,2
DA:54,2
DA:55,2
DA:56,2
DA:57,2
DA:61,2
DA:62,1
DA:63,1
DA:64,1
LF:31
LH:25
end_of_record
SF:lib\datamodels\user.dart
DA:17,2
DA:23,4
DA:24,2
LF:3
LH:3
end_of_record
SF:lib\repositories\user_repository.dart
DA:9,1
DA:10,3
DA:11,2
DA:12,2
DA:16,1
DA:17,3
DA:18,2
DA:19,2
DA:20,2
DA:23,1
DA:24,3
DA:25,2
DA:26,2
LF:13
LH:13
end_of_record
